INFO 2024-09-08 21:09:12,392 views admin logged in from 127.0.0.1
INFO 2024-09-08 21:09:12,405 views Vote submitted for poll #4
ERROR 2024-09-08 21:09:12,405 views Choice does not exist for question 4
Traceback (most recent call last):
  File "/Users/tanasatit/ske year2-1/ku-polls/.venv/lib/python3.12/site-packages/django/utils/datastructures.py", line 84, in __getitem__
    list_ = super().__getitem__(key)
            ^^^^^^^^^^^^^^^^^^^^^^^^
KeyError: 'choice'

During handling of the above exception, another exception occurred:

Traceback (most recent call last):
  File "/Users/tanasatit/ske year2-1/ku-polls/polls/views.py", line 60, in vote
    selected_choice = question.choice_set.get(pk=request.POST['choice'])
                                                 ~~~~~~~~~~~~^^^^^^^^^^
  File "/Users/tanasatit/ske year2-1/ku-polls/.venv/lib/python3.12/site-packages/django/utils/datastructures.py", line 86, in __getitem__
    raise MultiValueDictKeyError(key)
django.utils.datastructures.MultiValueDictKeyError: 'choice'
INFO 2024-09-08 21:09:22,053 views Vote submitted for poll #4
INFO 2024-09-08 21:13:46,824 views Vote submitted for poll #4
INFO 2024-09-08 21:13:46,830 views User admin voted for Walking in question 4
INFO 2024-09-08 21:14:27,560 views Vote submitted for poll #3
INFO 2024-09-08 21:39:45,570 views admin logged out from 127.0.0.1
INFO 2024-09-08 21:39:52,436 views harry logged in from 127.0.0.1
INFO 2024-09-08 21:40:03,236 views Vote submitted for poll #4
INFO 2024-09-08 21:40:03,242 views User harry voted for Bus in question 4
INFO 2024-09-08 22:16:02,667 views Vote submitted for poll #4
ERROR 2024-09-08 22:16:02,669 views No choice selected for question 4 by user harry
INFO 2024-09-08 22:16:13,680 views Vote submitted for poll #4
ERROR 2024-09-08 22:16:13,680 views No choice selected for question 4 by user harry
INFO 2024-09-08 22:17:06,611 views Vote submitted for poll #4
ERROR 2024-09-08 22:17:06,612 views No choice selected for question 4 by user harry
INFO 2024-09-08 22:21:15,848 views Vote submitted for poll #4
ERROR 2024-09-08 22:21:15,848 views No choice selected for question 4 by user harry
INFO 2024-09-08 22:27:47,339 views admin logged in from 127.0.0.1
INFO 2024-09-08 22:28:03,571 views Vote submitted for poll #4
INFO 2024-09-08 22:28:03,575 views User admin voted for Motorcycle in question 4
INFO 2024-09-08 22:28:12,466 views Vote submitted for poll #4
ERROR 2024-09-08 22:28:12,467 views No choice selected for question 4 by user admin
INFO 2024-09-08 22:29:56,102 views Vote submitted for poll #4
ERROR 2024-09-08 22:29:56,103 views No choice selected for question 4 by user admin
INFO 2024-09-08 22:31:01,865 views Vote submitted for poll #4
ERROR 2024-09-08 22:31:01,866 views No choice selected for question 4 by user admin
INFO 2024-09-08 22:31:03,747 views Vote submitted for poll #4
ERROR 2024-09-08 22:31:03,747 views No choice selected for question 4 by user admin
INFO 2024-09-08 22:46:26,030 views Vote submitted for poll #3
INFO 2024-09-08 22:48:10,793 views harry logged in from 127.0.0.1
INFO 2024-09-08 22:49:42,898 views harry logged out from 127.0.0.1
INFO 2024-09-08 22:50:02,941 views harry logged in from 127.0.0.1
INFO 2024-09-08 22:50:13,083 views Vote submitted for poll #4
INFO 2024-09-08 22:50:13,089 views User harry voted for Motorcycle in question 4
INFO 2024-09-08 22:50:16,795 views Vote submitted for poll #4
ERROR 2024-09-08 22:50:16,795 views No choice selected for question 4 by user harry
INFO 2024-09-08 22:54:33,498 views Vote submitted for poll #4
ERROR 2024-09-08 22:54:33,498 views No choice selected for question 4 by user harry
INFO 2024-09-08 22:54:36,758 views Vote submitted for poll #4
ERROR 2024-09-08 22:54:36,758 views No choice selected for question 4 by user harry
INFO 2024-09-08 22:55:00,063 views harry logged out from 127.0.0.1
WARNING 2024-09-08 22:55:13,243 views Failed login for harrry from 127.0.0.1
WARNING 2024-09-08 22:55:19,061 views Failed login for harrry from 127.0.0.1
INFO 2024-09-08 22:55:26,194 views harry logged in from 127.0.0.1
INFO 2024-09-08 22:55:26,206 views Vote submitted for poll #4
ERROR 2024-09-08 22:55:26,206 views No choice selected for question 4 by user harry
INFO 2024-09-08 22:55:28,438 views Vote submitted for poll #4
ERROR 2024-09-08 22:55:28,438 views No choice selected for question 4 by user harry
INFO 2024-09-08 23:01:19,639 views Vote submitted for poll #4
ERROR 2024-09-08 23:01:19,640 views No choice selected for question 4 by user harry
INFO 2024-09-08 23:01:38,872 views Vote submitted for poll #4
INFO 2024-09-08 23:01:38,876 views User harry voted for Motorcycle in question 4
INFO 2024-09-08 23:01:46,077 views Vote submitted for poll #4
INFO 2024-09-08 23:01:46,081 views User harry voted for Walking in question 4
INFO 2024-09-08 23:01:50,364 views harry logged out from 127.0.0.1
INFO 2024-09-08 23:03:25,631 views harry logged in from 127.0.0.1
INFO 2024-09-14 16:45:51,560 views admin logged in from 127.0.0.1
INFO 2024-09-14 16:46:43,949 views admin logged out from 127.0.0.1
WARNING 2024-09-14 17:12:28,366 views Failed login for myuser from 127.0.0.1
WARNING 2024-09-14 17:12:36,968 views Failed login for myuser from 127.0.0.1
WARNING 2024-09-14 17:14:22,076 views Failed login for harry from 127.0.0.1
INFO 2024-09-14 17:14:27,257 views harry logged in from 127.0.0.1
INFO 2024-09-14 17:14:30,768 views harry logged out from 127.0.0.1
WARNING 2024-09-14 17:21:17,840 views Failed login for tai from 127.0.0.1
INFO 2024-09-14 17:40:49,712 views harry logged in from 127.0.0.1
INFO 2024-09-14 17:41:15,362 views harry logged out from 127.0.0.1
INFO 2024-09-14 17:50:56,024 views friend logged in from 127.0.0.1
INFO 2024-09-14 17:51:07,629 views friend logged out from 127.0.0.1
INFO 2024-09-14 18:18:43,106 views admin logged in from 127.0.0.1
WARNING 2024-09-14 21:01:09,888 views Failed login for admin from 127.0.0.1
WARNING 2024-09-14 21:01:12,268 views Failed login for admin from 127.0.0.1
WARNING 2024-09-14 21:01:35,236 views Failed login for admin from 127.0.0.1
WARNING 2024-09-14 21:01:36,771 views Failed login for admin from 127.0.0.1
WARNING 2024-09-14 21:01:54,790 views Failed login for admin from 127.0.0.1
WARNING 2024-09-14 21:03:52,918 views Failed login for admin from 127.0.0.1
WARNING 2024-09-14 21:04:31,848 views Failed login for admin from 127.0.0.1
INFO 2024-09-14 21:04:43,312 views demo1 logged in from 127.0.0.1
WARNING 2024-09-14 21:04:46,643 views Failed login for admin from 127.0.0.1
INFO 2024-09-14 21:04:50,383 views demo1 logged out from 127.0.0.1
INFO 2024-09-14 21:05:04,575 views harry logged in from 127.0.0.1
INFO 2024-09-14 21:05:36,726 views harry logged out from 127.0.0.1
WARNING 2024-09-14 21:05:40,138 views Failed login for admin from 127.0.0.1
WARNING 2024-09-14 21:05:49,483 views Failed login for admin from 127.0.0.1
INFO 2024-09-14 21:06:01,754 views admin logged in from 127.0.0.1
WARNING 2024-09-14 21:14:22,392 views Failed login for admin from 127.0.0.1
INFO 2024-09-14 21:29:53,265 views admin logged in from 127.0.0.1
INFO 2024-09-14 21:38:06,271 views admin logged out from 127.0.0.1
WARNING 2024-09-14 21:38:18,393 views Failed login for tai from 127.0.0.1
WARNING 2024-09-14 21:38:29,494 views Failed login for admin from 127.0.0.1
INFO 2024-09-14 21:38:37,982 views admin logged in from 127.0.0.1
INFO 2024-09-15 14:48:01,129 views admin logged in from 127.0.0.1
INFO 2024-09-15 14:55:50,197 views admin logged out from 127.0.0.1
INFO 2024-09-15 14:57:45,909 views admin logged in from 127.0.0.1
INFO 2024-09-15 15:00:24,418 views admin logged out from 127.0.0.1
INFO 2024-09-15 15:00:27,019 views admin logged in from 127.0.0.1
INFO 2024-09-15 15:00:52,925 views admin logged out from 127.0.0.1
INFO 2024-09-15 15:14:29,410 views admin logged in from 127.0.0.1
INFO 2024-09-15 15:15:13,700 views admin logged out from 127.0.0.1
INFO 2024-09-15 15:15:24,642 views admin logged in from 127.0.0.1
INFO 2024-09-15 15:24:49,596 views admin logged out from 127.0.0.1
INFO 2024-09-15 15:24:57,057 views admin logged in from 127.0.0.1
INFO 2024-09-15 15:25:19,487 views admin logged out from 127.0.0.1
INFO 2024-09-15 15:25:22,373 views admin logged in from 127.0.0.1
INFO 2024-09-15 15:27:30,551 views admin logged out from 127.0.0.1
INFO 2024-09-15 15:27:32,981 views admin logged in from 127.0.0.1
INFO 2024-09-15 15:34:16,750 views admin logged out from 127.0.0.1
INFO 2024-09-15 15:34:18,529 views admin logged in from 127.0.0.1
INFO 2024-09-15 15:54:46,256 views admin logged out from 127.0.0.1
INFO 2024-09-15 15:54:48,582 views admin logged in from 127.0.0.1
INFO 2024-09-15 16:12:57,970 views admin logged out from 127.0.0.1
INFO 2024-09-15 16:13:07,554 views demo1 logged in from 127.0.0.1
INFO 2024-09-15 16:20:34,873 views demo1 logged out from 127.0.0.1
INFO 2024-09-15 16:20:37,867 views admin logged in from 127.0.0.1
INFO 2024-09-15 16:29:49,132 views admin logged out from 127.0.0.1
INFO 2024-09-15 16:29:54,378 views admin logged in from 127.0.0.1
INFO 2024-09-15 16:34:02,025 views admin logged out from 127.0.0.1
INFO 2024-09-15 16:34:04,896 views admin logged in from 127.0.0.1
INFO 2024-09-15 16:38:18,509 views demo1 logged in from 127.0.0.1
INFO 2024-09-15 16:38:27,774 views demo1 logged out from 127.0.0.1
INFO 2024-09-15 16:40:46,798 views admin logged out from 127.0.0.1
INFO 2024-09-15 16:40:49,003 views admin logged in from 127.0.0.1
INFO 2024-09-15 16:41:14,583 views admin logged out from 127.0.0.1
INFO 2024-09-15 16:41:29,192 views admin logged in from 127.0.0.1
INFO 2024-09-15 16:41:43,277 views admin logged out from 127.0.0.1
INFO 2024-09-15 16:42:31,592 views admin logged in from 127.0.0.1
DEBUG 2024-09-15 16:44:40,629 views Previous choice for user admin: Workshops/Seminars
DEBUG 2024-09-15 16:44:43,325 views Previous choice for user admin: Workshops/Seminars
DEBUG 2024-09-15 16:45:39,038 views Previous choice for user admin: Workshops/Seminars
DEBUG 2024-09-15 16:52:26,492 views Previous choice for user admin: Workshops/Seminars
DEBUG 2024-09-15 16:52:31,025 views Previous choice for user admin: Workshops/Seminars
DEBUG 2024-09-15 16:52:35,532 views Previous choice for user admin: Books and Reading
DEBUG 2024-09-15 16:52:41,011 views Previous choice for user admin: Books and Reading
INFO 2024-09-15 16:52:43,706 views admin logged out from 127.0.0.1
DEBUG 2024-09-15 16:52:44,991 views User is not authenticated.
INFO 2024-09-15 16:52:47,393 views admin logged in from 127.0.0.1
DEBUG 2024-09-15 16:52:47,399 views Previous choice for user admin: Books and Reading
INFO 2024-09-15 17:24:02,630 views admin logged out from 127.0.0.1
INFO 2024-09-15 17:45:15,236 views admin logged in from 127.0.0.1
INFO 2024-09-15 17:46:19,862 views admin logged in from 127.0.0.1
DEBUG 2024-09-28 23:32:15,504 views User is not authenticated.
DEBUG 2024-09-28 23:32:25,045 views User is not authenticated.
INFO 2024-09-28 23:33:00,108 views a logged in from 127.0.0.1
INFO 2024-09-28 23:33:13,917 views a logged out from 127.0.0.1
DEBUG 2024-09-28 23:33:28,441 views User is not authenticated.
INFO 2024-09-28 23:33:44,840 views demo1 logged in from 127.0.0.1
DEBUG 2024-09-28 23:34:19,904 views No previous vote found for user demo1
DEBUG 2024-09-28 23:34:22,919 views No previous vote found for user demo1
DEBUG 2024-09-28 23:34:28,375 views Previous choice for user demo1: Hands-On Practice
DEBUG 2024-09-28 23:34:32,907 views Previous choice for user demo1: Hands-On Practice
WARNING 2024-10-01 09:21:12,887 views Failed login for tanasatit from 127.0.0.1
DEBUG 2024-10-06 22:38:06,584 views User is not authenticated.
WARNING 2024-10-06 22:38:40,135 views Failed login for demo1 from 127.0.0.1
INFO 2024-10-06 22:38:44,156 views demo1 logged in from 127.0.0.1
DEBUG 2024-10-06 22:38:47,963 views Previous choice for user demo1: Jazz
DEBUG 2024-10-06 22:38:52,092 views Previous choice for user demo1: Jazz
DEBUG 2024-10-06 22:38:57,928 views Previous choice for user demo1: Hands-On Practice
INFO 2024-10-06 22:39:15,820 views demo1 logged out from 127.0.0.1
DEBUG 2024-10-13 17:54:47,731 views User is not authenticated.
WARNING 2024-10-13 17:54:50,758 views Failed login for demo1 from 127.0.0.1
WARNING 2024-10-13 17:54:52,277 views Failed login for demo1 from 127.0.0.1
INFO 2024-10-13 17:54:54,305 views demo1 logged in from 127.0.0.1
INFO 2024-10-13 17:55:12,563 views demo1 logged out from 127.0.0.1
INFO 2024-10-13 18:52:31,585 views testuser logged in from 127.0.0.1
INFO 2024-10-13 18:52:31,905 views testuser logged in from None
INFO 2024-10-13 18:52:31,906 views testuser logged out from 127.0.0.1
DEBUG 2024-10-13 18:52:31,914 views User is not authenticated.
INFO 2024-10-13 19:04:19,503 views testuser logged in from 127.0.0.1
INFO 2024-10-13 19:04:19,837 views testuser logged in from None
INFO 2024-10-13 19:04:19,838 views testuser logged out from 127.0.0.1
DEBUG 2024-10-13 19:04:41,377 views User is not authenticated.
DEBUG 2024-11-18 14:35:46,330 views User is not authenticated.
INFO 2024-11-18 14:35:51,844 views demo1 logged in from 127.0.0.1
DEBUG 2024-11-18 14:36:46,298 views No previous vote found for user demo1
DEBUG 2024-11-18 14:36:56,204 views Previous choice for user demo1: Python
DEBUG 2024-11-18 14:38:19,315 views No previous vote found for user demo1
DEBUG 2024-11-18 14:38:27,872 views Previous choice for user demo1: Walking
DEBUG 2024-11-19 13:51:26,667 views Previous choice for user demo1: Hands-On Practice
INFO 2024-11-19 13:51:30,349 views demo1 logged out from 127.0.0.1
INFO 2024-11-19 13:51:32,715 views demo1 logged in from 127.0.0.1
